-------------------------------------------------------------------------------
Test set: com.elegance.test.CnsumerTest
-------------------------------------------------------------------------------
Tests run: 1, Failures: 0, Errors: 1, Skipped: 0, Time elapsed: 0.857 s <<< FAILURE! - in com.elegance.test.CnsumerTest
testa(com.elegance.test.CnsumerTest)  Time elapsed: 0.001 s  <<< ERROR!
java.lang.IllegalStateException: Failed to load ApplicationContext
Caused by: org.springframework.beans.factory.BeanCreationException: Error creating bean with name 'dubboConsumerServiceImpl': Injection of resource dependencies failed; nested exception is org.springframework.beans.factory.BeanCreationException: Error creating bean with name 'dubboService': FactoryBean threw exception on object creation; nested exception is java.lang.IllegalStateException: Failed to subscribe consumer://192.168.40.120/com.alibaba.dubbo.registry.RegistryService?application=eleganceDubbo&callbacks=10000&connect.timeout=10000&dubbo=2.5.3&interface=com.alibaba.dubbo.registry.RegistryService&lazy=true&methods=lookup,unsubscribe,subscribe,unregister,register&pid=6180&reconnect=false&sticky=true&subscribe.1.callback=true&timeout=10000&timestamp=1524623197216&unsubscribe.1.callback=false, cause: Failed to invoke the method subscribe in the service com.alibaba.dubbo.registry.RegistryService. Tried 3 times of the providers [${dubbo.address}:9090] (1/1) from the registry ${dubbo.address}:9090 on the consumer 192.168.40.120 using the dubbo version 2.5.3. Last error is: Failed to invoke remote method: subscribe, provider: dubbo://${dubbo.address}:9090/com.alibaba.dubbo.registry.RegistryService?application=eleganceDubbo&callbacks=10000&check=false&connect.timeout=10000&dubbo=2.5.3&interface=com.alibaba.dubbo.registry.RegistryService&lazy=true&methods=lookup,unsubscribe,subscribe,unregister,register&pid=6180&reconnect=false&sticky=true&subscribe.1.callback=true&timeout=10000&timestamp=1524623197216&unsubscribe.1.callback=false, cause: client(url: dubbo://${dubbo.address}:9090/com.alibaba.dubbo.registry.RegistryService?application=eleganceDubbo&callbacks=10000&check=false&codec=dubbo&connect.timeout=10000&dubbo=2.5.3&heartbeat=60000&interface=com.alibaba.dubbo.registry.RegistryService&lazy=true&methods=lookup,unsubscribe,subscribe,unregister,register&pid=6180&reconnect=false&send.reconnect=true&sticky=true&subscribe.1.callback=true&timeout=10000&timestamp=1524623197216&unsubscribe.1.callback=false) failed to connect to server ${dubbo.address}:9090, error message is:null
Caused by: org.springframework.beans.factory.BeanCreationException: Error creating bean with name 'dubboService': FactoryBean threw exception on object creation; nested exception is java.lang.IllegalStateException: Failed to subscribe consumer://192.168.40.120/com.alibaba.dubbo.registry.RegistryService?application=eleganceDubbo&callbacks=10000&connect.timeout=10000&dubbo=2.5.3&interface=com.alibaba.dubbo.registry.RegistryService&lazy=true&methods=lookup,unsubscribe,subscribe,unregister,register&pid=6180&reconnect=false&sticky=true&subscribe.1.callback=true&timeout=10000&timestamp=1524623197216&unsubscribe.1.callback=false, cause: Failed to invoke the method subscribe in the service com.alibaba.dubbo.registry.RegistryService. Tried 3 times of the providers [${dubbo.address}:9090] (1/1) from the registry ${dubbo.address}:9090 on the consumer 192.168.40.120 using the dubbo version 2.5.3. Last error is: Failed to invoke remote method: subscribe, provider: dubbo://${dubbo.address}:9090/com.alibaba.dubbo.registry.RegistryService?application=eleganceDubbo&callbacks=10000&check=false&connect.timeout=10000&dubbo=2.5.3&interface=com.alibaba.dubbo.registry.RegistryService&lazy=true&methods=lookup,unsubscribe,subscribe,unregister,register&pid=6180&reconnect=false&sticky=true&subscribe.1.callback=true&timeout=10000&timestamp=1524623197216&unsubscribe.1.callback=false, cause: client(url: dubbo://${dubbo.address}:9090/com.alibaba.dubbo.registry.RegistryService?application=eleganceDubbo&callbacks=10000&check=false&codec=dubbo&connect.timeout=10000&dubbo=2.5.3&heartbeat=60000&interface=com.alibaba.dubbo.registry.RegistryService&lazy=true&methods=lookup,unsubscribe,subscribe,unregister,register&pid=6180&reconnect=false&send.reconnect=true&sticky=true&subscribe.1.callback=true&timeout=10000&timestamp=1524623197216&unsubscribe.1.callback=false) failed to connect to server ${dubbo.address}:9090, error message is:null
Caused by: java.lang.IllegalStateException: Failed to subscribe consumer://192.168.40.120/com.alibaba.dubbo.registry.RegistryService?application=eleganceDubbo&callbacks=10000&connect.timeout=10000&dubbo=2.5.3&interface=com.alibaba.dubbo.registry.RegistryService&lazy=true&methods=lookup,unsubscribe,subscribe,unregister,register&pid=6180&reconnect=false&sticky=true&subscribe.1.callback=true&timeout=10000&timestamp=1524623197216&unsubscribe.1.callback=false, cause: Failed to invoke the method subscribe in the service com.alibaba.dubbo.registry.RegistryService. Tried 3 times of the providers [${dubbo.address}:9090] (1/1) from the registry ${dubbo.address}:9090 on the consumer 192.168.40.120 using the dubbo version 2.5.3. Last error is: Failed to invoke remote method: subscribe, provider: dubbo://${dubbo.address}:9090/com.alibaba.dubbo.registry.RegistryService?application=eleganceDubbo&callbacks=10000&check=false&connect.timeout=10000&dubbo=2.5.3&interface=com.alibaba.dubbo.registry.RegistryService&lazy=true&methods=lookup,unsubscribe,subscribe,unregister,register&pid=6180&reconnect=false&sticky=true&subscribe.1.callback=true&timeout=10000&timestamp=1524623197216&unsubscribe.1.callback=false, cause: client(url: dubbo://${dubbo.address}:9090/com.alibaba.dubbo.registry.RegistryService?application=eleganceDubbo&callbacks=10000&check=false&codec=dubbo&connect.timeout=10000&dubbo=2.5.3&heartbeat=60000&interface=com.alibaba.dubbo.registry.RegistryService&lazy=true&methods=lookup,unsubscribe,subscribe,unregister,register&pid=6180&reconnect=false&send.reconnect=true&sticky=true&subscribe.1.callback=true&timeout=10000&timestamp=1524623197216&unsubscribe.1.callback=false) failed to connect to server ${dubbo.address}:9090, error message is:null
Caused by: com.alibaba.dubbo.rpc.RpcException: Failed to invoke the method subscribe in the service com.alibaba.dubbo.registry.RegistryService. Tried 3 times of the providers [${dubbo.address}:9090] (1/1) from the registry ${dubbo.address}:9090 on the consumer 192.168.40.120 using the dubbo version 2.5.3. Last error is: Failed to invoke remote method: subscribe, provider: dubbo://${dubbo.address}:9090/com.alibaba.dubbo.registry.RegistryService?application=eleganceDubbo&callbacks=10000&check=false&connect.timeout=10000&dubbo=2.5.3&interface=com.alibaba.dubbo.registry.RegistryService&lazy=true&methods=lookup,unsubscribe,subscribe,unregister,register&pid=6180&reconnect=false&sticky=true&subscribe.1.callback=true&timeout=10000&timestamp=1524623197216&unsubscribe.1.callback=false, cause: client(url: dubbo://${dubbo.address}:9090/com.alibaba.dubbo.registry.RegistryService?application=eleganceDubbo&callbacks=10000&check=false&codec=dubbo&connect.timeout=10000&dubbo=2.5.3&heartbeat=60000&interface=com.alibaba.dubbo.registry.RegistryService&lazy=true&methods=lookup,unsubscribe,subscribe,unregister,register&pid=6180&reconnect=false&send.reconnect=true&sticky=true&subscribe.1.callback=true&timeout=10000&timestamp=1524623197216&unsubscribe.1.callback=false) failed to connect to server ${dubbo.address}:9090, error message is:null
Caused by: com.alibaba.dubbo.remoting.RemotingException: client(url: dubbo://${dubbo.address}:9090/com.alibaba.dubbo.registry.RegistryService?application=eleganceDubbo&callbacks=10000&check=false&codec=dubbo&connect.timeout=10000&dubbo=2.5.3&heartbeat=60000&interface=com.alibaba.dubbo.registry.RegistryService&lazy=true&methods=lookup,unsubscribe,subscribe,unregister,register&pid=6180&reconnect=false&send.reconnect=true&sticky=true&subscribe.1.callback=true&timeout=10000&timestamp=1524623197216&unsubscribe.1.callback=false) failed to connect to server ${dubbo.address}:9090, error message is:null
Caused by: java.nio.channels.UnresolvedAddressException

